2022/01/26 10:15:15 - Round: 100
2022/01/26 10:15:15 - altenhof picked : Knight
2022/01/26 10:15:15 - kienboec picked : WaterGoblin
2022/01/26 10:15:15 - altenhof won this round
2022/01/26 10:15:15 - kienboec lost this round
2022/01/26 10:15:15 - Round: 99
2022/01/26 10:15:15 - altenhof picked : RegularSpell
2022/01/26 10:15:15 - kienboec picked : RegularSpell
2022/01/26 10:15:15 - altenhof won this round
2022/01/26 10:15:15 - kienboec lost this round
2022/01/26 10:15:15 - Round: 98
2022/01/26 10:15:15 - altenhof picked : WaterSpell
2022/01/26 10:15:15 - kienboec picked : WaterSpell
2022/01/26 10:15:15 - altenhof won this round
2022/01/26 10:15:15 - kienboec lost this round
2022/01/26 10:15:15 - Round: 97
2022/01/26 10:15:15 - altenhof picked : RegularSpell
2022/01/26 10:15:15 - kienboec picked : Dragon
2022/01/26 10:15:15 - kienboec won this round
2022/01/26 10:15:15 - altenhof lost this round
2022/01/26 10:15:15 - Round: 96
2022/01/26 10:15:15 - altenhof picked : RegularSpell
2022/01/26 10:15:15 - kienboec picked : RegularSpell
2022/01/26 10:15:15 - altenhof won this round
2022/01/26 10:15:15 - kienboec lost this round
2022/01/26 10:15:15 - Round: 95
2022/01/26 10:15:15 - altenhof picked : WaterGoblin
2022/01/26 10:15:15 - kienboec picked : Dragon
2022/01/26 10:15:15 - Goblin too afraid to attack
2022/01/26 10:15:15 - Goblin too afraid to attack
2022/01/26 10:15:15 - kienboec won this round
2022/01/26 10:15:15 - altenhof lost this round
2022/01/26 10:15:15 - Round: 94
2022/01/26 10:15:15 - altenhof picked : RegularSpell
2022/01/26 10:15:15 - kienboec picked : WaterGoblin
2022/01/26 10:15:15 - altenhof won this round
2022/01/26 10:15:15 - kienboec lost this round
2022/01/26 10:15:15 - Round: 93
2022/01/26 10:15:15 - altenhof picked : WaterSpell
2022/01/26 10:15:15 - kienboec picked : Dragon
2022/01/26 10:15:15 - kienboec won this round
2022/01/26 10:15:15 - altenhof lost this round
2022/01/26 10:15:15 - Round: 92
2022/01/26 10:15:15 - altenhof picked : Knight
2022/01/26 10:15:15 - kienboec picked : Dragon
2022/01/26 10:15:15 - kienboec won this round
2022/01/26 10:15:15 - altenhof lost this round
2022/01/26 10:15:15 - Round: 91
2022/01/26 10:15:15 - altenhof picked : WaterSpell
2022/01/26 10:15:15 - kienboec picked : Dragon
2022/01/26 10:15:15 - kienboec won this round
2022/01/26 10:15:15 - altenhof lost this round
2022/01/26 10:15:15 - Round: 90
2022/01/26 10:15:15 - altenhof picked : RegularSpell
2022/01/26 10:15:15 - kienboec picked : Dragon
2022/01/26 10:15:15 - kienboec won this round
2022/01/26 10:15:15 - altenhof lost this round
2022/01/26 10:15:15 - Round: 89
2022/01/26 10:15:15 - altenhof picked : WaterGoblin
2022/01/26 10:15:15 - kienboec picked : WaterSpell
2022/01/26 10:15:15 - kienboec won this round
2022/01/26 10:15:15 - altenhof lost this round
2022/01/26 10:15:15 - Round: 88
2022/01/26 10:15:15 - altenhof picked : RegularSpell
2022/01/26 10:15:15 - kienboec picked : WaterGoblin
2022/01/26 10:15:15 - altenhof won this round
2022/01/26 10:15:15 - kienboec lost this round
2022/01/26 10:15:15 - Round: 87
2022/01/26 10:15:15 - altenhof picked : RegularSpell
2022/01/26 10:15:16 - kienboec picked : RegularSpell
2022/01/26 10:15:16 - altenhof won this round
2022/01/26 10:15:16 - kienboec lost this round
2022/01/26 10:15:16 - Round: 86
2022/01/26 10:15:16 - altenhof picked : WaterGoblin
2022/01/26 10:15:16 - kienboec picked : Dragon
2022/01/26 10:15:16 - Goblin too afraid to attack
2022/01/26 10:15:16 - Goblin too afraid to attack
2022/01/26 10:15:16 - kienboec won this round
2022/01/26 10:15:16 - altenhof lost this round
2022/01/26 10:15:16 - Round: 85
2022/01/26 10:15:16 - altenhof picked : RegularSpell
2022/01/26 10:15:16 - kienboec picked : WaterSpell
2022/01/26 10:15:16 - altenhof won this round
2022/01/26 10:15:16 - kienboec lost this round
2022/01/26 10:15:16 - Round: 84
2022/01/26 10:15:16 - altenhof picked : WaterSpell
2022/01/26 10:15:16 - kienboec picked : WaterSpell
2022/01/26 10:15:16 - altenhof won this round
2022/01/26 10:15:16 - kienboec lost this round
2022/01/26 10:15:16 - Round: 83
2022/01/26 10:15:16 - altenhof picked : RegularSpell
2022/01/26 10:15:16 - kienboec picked : Knight
2022/01/26 10:15:16 - altenhof won this round
2022/01/26 10:15:16 - kienboec lost this round
2022/01/26 10:15:16 - Round: 82
2022/01/26 10:15:16 - altenhof picked : WaterSpell
2022/01/26 10:15:16 - kienboec picked : Dragon
2022/01/26 10:15:16 - kienboec won this round
2022/01/26 10:15:16 - altenhof lost this round
2022/01/26 10:15:16 - Round: 81
2022/01/26 10:15:16 - altenhof picked : RegularSpell
2022/01/26 10:15:16 - kienboec picked : Dragon
2022/01/26 10:15:16 - kienboec won this round
2022/01/26 10:15:16 - altenhof lost this round
2022/01/26 10:15:16 - Round: 80
2022/01/26 10:15:16 - altenhof picked : RegularSpell
2022/01/26 10:15:16 - kienboec picked : Dragon
2022/01/26 10:15:16 - draw
2022/01/26 10:15:16 - Round: 79
2022/01/26 10:15:16 - altenhof picked : Knight
2022/01/26 10:15:16 - kienboec picked : RegularSpell
2022/01/26 10:15:16 - kienboec won this round
2022/01/26 10:15:16 - altenhof lost this round
2022/01/26 10:15:16 - Round: 78
2022/01/26 10:15:16 - altenhof picked : RegularSpell
2022/01/26 10:15:16 - kienboec picked : Dragon
2022/01/26 10:15:16 - draw
2022/01/26 10:15:16 - Round: 77
2022/01/26 10:15:16 - altenhof picked : WaterSpell
2022/01/26 10:15:16 - kienboec picked : Dragon
2022/01/26 10:15:16 - kienboec won this round
2022/01/26 10:15:16 - altenhof lost this round
2022/01/26 10:15:16 - Round: 76
2022/01/26 10:15:16 - altenhof picked : RegularSpell
2022/01/26 10:15:16 - kienboec picked : WaterSpell
2022/01/26 10:15:16 - altenhof won this round
2022/01/26 10:15:16 - kienboec lost this round
2022/01/26 10:15:16 - Round: 75
2022/01/26 10:15:16 - altenhof picked : RegularSpell
2022/01/26 10:15:16 - kienboec picked : RegularSpell
2022/01/26 10:15:16 - altenhof won this round
2022/01/26 10:15:16 - kienboec lost this round
2022/01/26 10:15:16 - Round: 74
2022/01/26 10:15:16 - altenhof picked : RegularSpell
2022/01/26 10:15:16 - kienboec picked : WaterGoblin
2022/01/26 10:15:16 - altenhof won this round
2022/01/26 10:15:16 - kienboec lost this round
2022/01/26 10:15:16 - Round: 73
2022/01/26 10:15:16 - altenhof picked : RegularSpell
2022/01/26 10:15:16 - kienboec picked : Knight
2022/01/26 10:15:16 - altenhof won this round
2022/01/26 10:15:16 - kienboec lost this round
2022/01/26 10:15:16 - Round: 72
2022/01/26 10:15:16 - altenhof picked : RegularSpell
2022/01/26 10:15:16 - kienboec picked : WaterSpell
2022/01/26 10:15:16 - altenhof won this round
2022/01/26 10:15:16 - kienboec lost this round
2022/01/26 10:15:16 - Round: 71
2022/01/26 10:15:16 - altenhof picked : Knight
2022/01/26 10:15:16 - kienboec picked : Dragon
2022/01/26 10:15:16 - kienboec won this round
2022/01/26 10:15:16 - altenhof lost this round
2022/01/26 10:15:16 - Round: 70
2022/01/26 10:15:16 - altenhof picked : RegularSpell
2022/01/26 10:15:16 - kienboec picked : Dragon
2022/01/26 10:15:16 - kienboec won this round
2022/01/26 10:15:16 - altenhof lost this round
2022/01/26 10:15:16 - Round: 69
2022/01/26 10:15:16 - altenhof picked : WaterSpell
2022/01/26 10:15:16 - kienboec picked : Dragon
2022/01/26 10:15:16 - kienboec won this round
2022/01/26 10:15:16 - altenhof lost this round
2022/01/26 10:15:16 - Round: 68
2022/01/26 10:15:16 - altenhof picked : WaterSpell
2022/01/26 10:15:16 - kienboec picked : WaterSpell
2022/01/26 10:15:16 - kienboec won this round
2022/01/26 10:15:16 - altenhof lost this round
2022/01/26 10:15:16 - Round: 67
2022/01/26 10:15:16 - altenhof picked : WaterGoblin
2022/01/26 10:15:16 - kienboec picked : WaterSpell
2022/01/26 10:15:16 - kienboec won this round
2022/01/26 10:15:16 - altenhof lost this round
2022/01/26 10:15:16 - Round: 66
2022/01/26 10:15:16 - altenhof picked : RegularSpell
2022/01/26 10:15:16 - kienboec picked : WaterSpell
2022/01/26 10:15:16 - altenhof won this round
2022/01/26 10:15:16 - kienboec lost this round
2022/01/26 10:15:16 - Round: 65
2022/01/26 10:15:16 - altenhof picked : RegularSpell
2022/01/26 10:15:16 - kienboec picked : RegularSpell
2022/01/26 10:15:16 - altenhof won this round
2022/01/26 10:15:16 - kienboec lost this round
2022/01/26 10:15:16 - Round: 64
2022/01/26 10:15:16 - altenhof picked : WaterSpell
2022/01/26 10:15:16 - kienboec picked : WaterSpell
2022/01/26 10:15:16 - kienboec won this round
2022/01/26 10:15:16 - altenhof lost this round
2022/01/26 10:15:16 - Round: 63
2022/01/26 10:15:16 - altenhof picked : RegularSpell
2022/01/26 10:15:16 - kienboec picked : WaterGoblin
2022/01/26 10:15:16 - altenhof won this round
2022/01/26 10:15:16 - kienboec lost this round
2022/01/26 10:15:16 - Round: 62
2022/01/26 10:15:16 - altenhof picked : RegularSpell
2022/01/26 10:15:16 - kienboec picked : WaterSpell
2022/01/26 10:15:16 - altenhof won this round
2022/01/26 10:15:16 - kienboec lost this round
2022/01/26 10:15:16 - Round: 61
2022/01/26 10:15:16 - altenhof picked : WaterSpell
2022/01/26 10:15:16 - kienboec picked : Knight
2022/01/26 10:15:16 - Knight drowned
2022/01/26 10:15:16 - Knight drowned
2022/01/26 10:15:16 - altenhof won this round
2022/01/26 10:15:16 - kienboec lost this round
2022/01/26 10:15:16 - Round: 60
2022/01/26 10:15:16 - altenhof picked : Knight
2022/01/26 10:15:16 - kienboec picked : WaterSpell
2022/01/26 10:15:16 - Knight drowned
2022/01/26 10:15:16 - Knight drowned
2022/01/26 10:15:16 - kienboec won this round
2022/01/26 10:15:16 - altenhof lost this round
2022/01/26 10:15:16 - Round: 59
2022/01/26 10:15:16 - altenhof picked : RegularSpell
2022/01/26 10:15:16 - kienboec picked : WaterSpell
2022/01/26 10:15:16 - altenhof won this round
2022/01/26 10:15:16 - kienboec lost this round
2022/01/26 10:15:16 - Round: 58
2022/01/26 10:15:16 - altenhof picked : WaterSpell
2022/01/26 10:15:16 - kienboec picked : Knight
2022/01/26 10:15:16 - Knight drowned
2022/01/26 10:15:16 - Knight drowned
2022/01/26 10:15:16 - altenhof won this round
2022/01/26 10:15:16 - kienboec lost this round
2022/01/26 10:15:16 - Round: 57
2022/01/26 10:15:16 - altenhof picked : WaterSpell
2022/01/26 10:15:16 - kienboec picked : Dragon
2022/01/26 10:15:16 - kienboec won this round
2022/01/26 10:15:16 - altenhof lost this round
2022/01/26 10:15:16 - Round: 56
2022/01/26 10:15:16 - altenhof picked : RegularSpell
2022/01/26 10:15:16 - kienboec picked : WaterSpell
2022/01/26 10:15:16 - altenhof won this round
2022/01/26 10:15:16 - kienboec lost this round
2022/01/26 10:15:16 - Round: 55
2022/01/26 10:15:16 - altenhof picked : WaterSpell
2022/01/26 10:15:16 - kienboec picked : Dragon
2022/01/26 10:15:16 - kienboec won this round
2022/01/26 10:15:16 - altenhof lost this round
2022/01/26 10:15:16 - Round: 54
2022/01/26 10:15:16 - altenhof picked : RegularSpell
2022/01/26 10:15:16 - kienboec picked : Dragon
2022/01/26 10:15:16 - draw
2022/01/26 10:15:16 - Round: 53
2022/01/26 10:15:16 - altenhof picked : WaterSpell
2022/01/26 10:15:16 - kienboec picked : Dragon
2022/01/26 10:15:16 - kienboec won this round
2022/01/26 10:15:16 - altenhof lost this round
2022/01/26 10:15:16 - Round: 52
2022/01/26 10:15:16 - altenhof picked : WaterGoblin
2022/01/26 10:15:16 - kienboec picked : WaterSpell
2022/01/26 10:15:16 - kienboec won this round
2022/01/26 10:15:16 - altenhof lost this round
2022/01/26 10:15:16 - Round: 51
2022/01/26 10:15:16 - altenhof picked : Knight
2022/01/26 10:15:16 - kienboec picked : Dragon
2022/01/26 10:15:16 - kienboec won this round
2022/01/26 10:15:16 - altenhof lost this round
2022/01/26 10:15:16 - Round: 50
2022/01/26 10:15:16 - altenhof picked : RegularSpell
2022/01/26 10:15:16 - kienboec picked : Knight
2022/01/26 10:15:16 - altenhof won this round
2022/01/26 10:15:16 - kienboec lost this round
2022/01/26 10:15:16 - Round: 49
2022/01/26 10:15:16 - altenhof picked : RegularSpell
2022/01/26 10:15:16 - kienboec picked : WaterSpell
2022/01/26 10:15:16 - altenhof won this round
2022/01/26 10:15:16 - kienboec lost this round
2022/01/26 10:15:16 - Round: 48
2022/01/26 10:15:16 - altenhof picked : RegularSpell
2022/01/26 10:15:16 - kienboec picked : Dragon
2022/01/26 10:15:16 - draw
2022/01/26 10:15:16 - Round: 47
2022/01/26 10:15:16 - altenhof picked : RegularSpell
2022/01/26 10:15:16 - kienboec picked : WaterSpell
2022/01/26 10:15:16 - altenhof won this round
2022/01/26 10:15:16 - kienboec lost this round
2022/01/26 10:15:16 - Round: 46
2022/01/26 10:15:16 - altenhof picked : WaterSpell
2022/01/26 10:15:16 - kienboec picked : WaterGoblin
2022/01/26 10:15:16 - altenhof won this round
2022/01/26 10:15:16 - kienboec lost this round
2022/01/26 10:15:16 - Round: 45
2022/01/26 10:15:16 - altenhof picked : WaterSpell
2022/01/26 10:15:16 - kienboec picked : Dragon
2022/01/26 10:15:16 - kienboec won this round
2022/01/26 10:15:16 - altenhof lost this round
2022/01/26 10:15:16 - Round: 44
2022/01/26 10:15:16 - altenhof picked : WaterGoblin
2022/01/26 10:15:16 - kienboec picked : WaterSpell
2022/01/26 10:15:16 - kienboec won this round
2022/01/26 10:15:16 - altenhof lost this round
2022/01/26 10:15:16 - Round: 43
2022/01/26 10:15:16 - altenhof picked : RegularSpell
2022/01/26 10:15:16 - kienboec picked : WaterGoblin
2022/01/26 10:15:16 - altenhof won this round
2022/01/26 10:15:16 - kienboec lost this round
2022/01/26 10:15:16 - Round: 42
2022/01/26 10:15:16 - altenhof picked : WaterGoblin
2022/01/26 10:15:16 - kienboec picked : Dragon
2022/01/26 10:15:16 - Goblin too afraid to attack
2022/01/26 10:15:16 - Goblin too afraid to attack
2022/01/26 10:15:16 - kienboec won this round
2022/01/26 10:15:16 - altenhof lost this round
2022/01/26 10:15:16 - Round: 41
2022/01/26 10:15:16 - altenhof picked : RegularSpell
2022/01/26 10:15:16 - kienboec picked : WaterGoblin
2022/01/26 10:15:16 - altenhof won this round
2022/01/26 10:15:16 - kienboec lost this round
2022/01/26 10:15:16 - Round: 40
2022/01/26 10:15:16 - altenhof picked : RegularSpell
2022/01/26 10:15:16 - kienboec picked : WaterSpell
2022/01/26 10:15:16 - altenhof won this round
2022/01/26 10:15:16 - kienboec lost this round
2022/01/26 10:15:16 - Round: 39
2022/01/26 10:15:16 - altenhof picked : WaterSpell
2022/01/26 10:15:16 - kienboec picked : Dragon
2022/01/26 10:15:16 - kienboec won this round
2022/01/26 10:15:16 - altenhof lost this round
2022/01/26 10:15:16 - Round: 38
2022/01/26 10:15:16 - altenhof picked : RegularSpell
2022/01/26 10:15:16 - kienboec picked : Dragon
2022/01/26 10:15:16 - draw
2022/01/26 10:15:16 - Round: 37
2022/01/26 10:15:16 - altenhof picked : RegularSpell
2022/01/26 10:15:16 - kienboec picked : WaterSpell
2022/01/26 10:15:16 - altenhof won this round
2022/01/26 10:15:16 - kienboec lost this round
2022/01/26 10:15:16 - Round: 36
2022/01/26 10:15:16 - altenhof picked : RegularSpell
2022/01/26 10:15:16 - kienboec picked : Dragon
2022/01/26 10:15:16 - kienboec won this round
2022/01/26 10:15:16 - altenhof lost this round
2022/01/26 10:15:16 - Round: 35
2022/01/26 10:15:16 - altenhof picked : WaterSpell
2022/01/26 10:15:16 - kienboec picked : Dragon
2022/01/26 10:15:16 - kienboec won this round
2022/01/26 10:15:16 - altenhof lost this round
2022/01/26 10:15:16 - Round: 34
2022/01/26 10:15:16 - altenhof picked : RegularSpell
2022/01/26 10:15:16 - kienboec picked : RegularSpell
2022/01/26 10:15:16 - altenhof won this round
2022/01/26 10:15:16 - kienboec lost this round
2022/01/26 10:15:16 - Round: 33
2022/01/26 10:15:16 - altenhof picked : RegularSpell
2022/01/26 10:15:16 - kienboec picked : Dragon
2022/01/26 10:15:16 - draw
2022/01/26 10:15:16 - Round: 32
2022/01/26 10:15:16 - altenhof picked : WaterGoblin
2022/01/26 10:15:16 - kienboec picked : WaterSpell
2022/01/26 10:15:16 - kienboec won this round
2022/01/26 10:15:16 - altenhof lost this round
2022/01/26 10:15:16 - Round: 31
2022/01/26 10:15:16 - altenhof picked : RegularSpell
2022/01/26 10:15:16 - kienboec picked : WaterGoblin
2022/01/26 10:15:16 - altenhof won this round
2022/01/26 10:15:16 - kienboec lost this round
2022/01/26 10:15:16 - Round: 30
2022/01/26 10:15:16 - altenhof picked : Knight
2022/01/26 10:15:16 - kienboec picked : Dragon
2022/01/26 10:15:16 - kienboec won this round
2022/01/26 10:15:16 - altenhof lost this round
2022/01/26 10:15:16 - Round: 29
2022/01/26 10:15:16 - altenhof picked : RegularSpell
2022/01/26 10:15:16 - kienboec picked : WaterSpell
2022/01/26 10:15:16 - altenhof won this round
2022/01/26 10:15:16 - kienboec lost this round
2022/01/26 10:15:16 - Round: 28
2022/01/26 10:15:16 - altenhof picked : RegularSpell
2022/01/26 10:15:16 - kienboec picked : Knight
2022/01/26 10:15:16 - altenhof won this round
2022/01/26 10:15:16 - kienboec lost this round
2022/01/26 10:15:16 - Round: 27
2022/01/26 10:15:16 - altenhof picked : RegularSpell
2022/01/26 10:15:16 - kienboec picked : Dragon
2022/01/26 10:15:16 - kienboec won this round
2022/01/26 10:15:16 - altenhof lost this round
2022/01/26 10:15:16 - Round: 26
2022/01/26 10:15:16 - altenhof picked : Knight
2022/01/26 10:15:16 - kienboec picked : RegularSpell
2022/01/26 10:15:16 - kienboec won this round
2022/01/26 10:15:16 - altenhof lost this round
2022/01/26 10:15:16 - Round: 25
2022/01/26 10:15:16 - altenhof picked : WaterSpell
2022/01/26 10:15:16 - kienboec picked : RegularSpell
2022/01/26 10:15:16 - kienboec won this round
2022/01/26 10:15:16 - altenhof lost this round
2022/01/26 10:15:16 - Round: 24
2022/01/26 10:15:16 - altenhof picked : RegularSpell
2022/01/26 10:15:16 - kienboec picked : RegularSpell
2022/01/26 10:15:16 - altenhof won this round
2022/01/26 10:15:16 - kienboec lost this round
2022/01/26 10:15:16 - Round: 23
2022/01/26 10:15:16 - altenhof picked : WaterGoblin
2022/01/26 10:15:16 - kienboec picked : WaterSpell
2022/01/26 10:15:16 - kienboec won this round
2022/01/26 10:15:16 - altenhof lost this round
2022/01/26 10:15:16 - Round: 22
2022/01/26 10:15:16 - altenhof picked : RegularSpell
2022/01/26 10:15:16 - kienboec picked : WaterGoblin
2022/01/26 10:15:16 - altenhof won this round
2022/01/26 10:15:16 - kienboec lost this round
2022/01/26 10:15:16 - Round: 21
2022/01/26 10:15:16 - altenhof picked : RegularSpell
2022/01/26 10:15:16 - kienboec picked : WaterSpell
2022/01/26 10:15:16 - altenhof won this round
2022/01/26 10:15:16 - kienboec lost this round
2022/01/26 10:15:16 - Round: 20
2022/01/26 10:15:16 - altenhof picked : WaterSpell
2022/01/26 10:15:16 - kienboec picked : Knight
2022/01/26 10:15:16 - Knight drowned
2022/01/26 10:15:16 - Knight drowned
2022/01/26 10:15:16 - altenhof won this round
2022/01/26 10:15:16 - kienboec lost this round
2022/01/26 10:15:16 - Round: 19
2022/01/26 10:15:16 - altenhof picked : WaterSpell
2022/01/26 10:15:16 - kienboec picked : Dragon
2022/01/26 10:15:16 - kienboec won this round
2022/01/26 10:15:16 - altenhof lost this round
2022/01/26 10:15:16 - Round: 18
2022/01/26 10:15:16 - altenhof picked : WaterGoblin
2022/01/26 10:15:16 - kienboec picked : Dragon
2022/01/26 10:15:16 - Goblin too afraid to attack
2022/01/26 10:15:16 - Goblin too afraid to attack
2022/01/26 10:15:16 - kienboec won this round
2022/01/26 10:15:16 - altenhof lost this round
2022/01/26 10:15:16 - Round: 17
2022/01/26 10:15:16 - altenhof picked : Knight
2022/01/26 10:15:16 - kienboec picked : WaterSpell
2022/01/26 10:15:16 - Knight drowned
2022/01/26 10:15:16 - Knight drowned
2022/01/26 10:15:16 - kienboec won this round
2022/01/26 10:15:16 - altenhof lost this round
2022/01/26 10:15:16 - Round: 16
2022/01/26 10:15:16 - altenhof picked : RegularSpell
2022/01/26 10:15:16 - kienboec picked : Dragon
2022/01/26 10:15:16 - kienboec won this round
2022/01/26 10:15:16 - altenhof lost this round
2022/01/26 10:15:16 - Round: 15
2022/01/26 10:15:16 - altenhof picked : RegularSpell
2022/01/26 10:15:16 - kienboec picked : WaterGoblin
2022/01/26 10:15:16 - altenhof won this round
2022/01/26 10:15:16 - kienboec lost this round
2022/01/26 10:15:16 - Round: 14
2022/01/26 10:15:16 - altenhof picked : RegularSpell
2022/01/26 10:15:16 - kienboec picked : WaterSpell
2022/01/26 10:15:16 - altenhof won this round
2022/01/26 10:15:16 - kienboec lost this round
2022/01/26 10:15:16 - Round: 13
2022/01/26 10:15:16 - altenhof picked : WaterSpell
2022/01/26 10:15:16 - kienboec picked : RegularSpell
2022/01/26 10:15:16 - kienboec won this round
2022/01/26 10:15:16 - altenhof lost this round
2022/01/26 10:15:16 - Round: 12
2022/01/26 10:15:16 - altenhof picked : RegularSpell
2022/01/26 10:15:16 - kienboec picked : WaterSpell
2022/01/26 10:15:16 - altenhof won this round
2022/01/26 10:15:16 - kienboec lost this round
2022/01/26 10:15:16 - Round: 11
2022/01/26 10:15:16 - altenhof picked : WaterSpell
2022/01/26 10:15:16 - kienboec picked : Knight
2022/01/26 10:15:16 - Knight drowned
2022/01/26 10:15:16 - Knight drowned
2022/01/26 10:15:16 - altenhof won this round
2022/01/26 10:15:16 - kienboec lost this round
2022/01/26 10:15:16 - Round: 10
2022/01/26 10:15:16 - altenhof picked : WaterGoblin
2022/01/26 10:15:16 - kienboec picked : Dragon
2022/01/26 10:15:16 - Goblin too afraid to attack
2022/01/26 10:15:16 - Goblin too afraid to attack
2022/01/26 10:15:16 - kienboec won this round
2022/01/26 10:15:16 - altenhof lost this round
2022/01/26 10:15:16 - Round: 9
2022/01/26 10:15:16 - altenhof picked : Knight
2022/01/26 10:15:16 - kienboec picked : WaterGoblin
2022/01/26 10:15:16 - draw
2022/01/26 10:15:16 - Round: 8
2022/01/26 10:15:16 - altenhof picked : WaterSpell
2022/01/26 10:15:16 - kienboec picked : RegularSpell
2022/01/26 10:15:16 - kienboec won this round
2022/01/26 10:15:16 - altenhof lost this round
2022/01/26 10:15:16 - Round: 7
2022/01/26 10:15:16 - altenhof picked : RegularSpell
2022/01/26 10:15:16 - kienboec picked : Dragon
2022/01/26 10:15:16 - kienboec won this round
2022/01/26 10:15:16 - altenhof lost this round
2022/01/26 10:15:16 - Round: 6
2022/01/26 10:15:16 - altenhof picked : Knight
2022/01/26 10:15:16 - kienboec picked : WaterSpell
2022/01/26 10:15:16 - Knight drowned
2022/01/26 10:15:16 - Knight drowned
2022/01/26 10:15:16 - kienboec won this round
2022/01/26 10:15:16 - altenhof lost this round
2022/01/26 10:15:16 - Round: 5
2022/01/26 10:15:16 - altenhof picked : WaterSpell
2022/01/26 10:15:16 - kienboec picked : RegularSpell
2022/01/26 10:15:16 - kienboec won this round
2022/01/26 10:15:16 - altenhof lost this round
2022/01/26 10:15:16 - Round: 4
2022/01/26 10:15:16 - altenhof picked : RegularSpell
2022/01/26 10:15:16 - kienboec picked : Knight
2022/01/26 10:15:16 - altenhof won this round
2022/01/26 10:15:16 - kienboec lost this round
2022/01/26 10:15:16 - Round: 3
2022/01/26 10:15:16 - altenhof picked : Knight
2022/01/26 10:15:16 - kienboec picked : Dragon
2022/01/26 10:15:16 - kienboec won this round
2022/01/26 10:15:16 - altenhof lost this round
2022/01/26 10:15:16 - Round: 2
2022/01/26 10:15:16 - altenhof picked : RegularSpell
2022/01/26 10:15:16 - kienboec picked : RegularSpell
2022/01/26 10:15:16 - altenhof won this round
2022/01/26 10:15:16 - kienboec lost this round
2022/01/26 10:15:16 - Round: 1
2022/01/26 10:15:16 - altenhof picked : RegularSpell
2022/01/26 10:15:16 - kienboec picked : WaterGoblin
2022/01/26 10:15:16 - altenhof won this round
2022/01/26 10:15:16 - kienboec lost this round
2022/01/26 10:15:16 - Battle finished .. 
